2018-10-04 18:35:18 [scrapy.utils.log] INFO: Scrapy 1.5.1 started (bot: ArticleSpider)
2018-10-04 18:35:18 [scrapy.utils.log] INFO: Versions: lxml 4.2.5.0, libxml2 2.9.8, cssselect 1.0.3, parsel 1.5.0, w3lib 1.19.0, Twisted 18.7.0, Python 3.6.2 (default, Oct  4 2018, 01:52:07) - [GCC 4.8.5 20150623 (Red Hat 4.8.5-28)], pyOpenSSL 18.0.0 (OpenSSL 1.1.0i  14 Aug 2018), cryptography 2.3.1, Platform Linux-3.10.0-514.26.2.el7.x86_64-x86_64-with-centos-7.3.1611-Core
2018-10-04 18:35:18 [scrapy.crawler] INFO: Overridden settings: {'AUTOTHROTTLE_DEBUG': True, 'AUTOTHROTTLE_ENABLED': True, 'BOT_NAME': 'ArticleSpider', 'DOWNLOAD_DELAY': 1, 'LOG_FILE': 'logs/ArticleSpider/zhihu/2572b760c7c111e88bdd00163e046eff.log', 'NEWSPIDER_MODULE': 'ArticleSpider.spiders', 'SPIDER_MODULES': ['ArticleSpider.spiders']}
2018-10-04 18:35:18 [scrapy.middleware] INFO: Enabled extensions:
['scrapy.extensions.corestats.CoreStats',
 'scrapy.extensions.telnet.TelnetConsole',
 'scrapy.extensions.memusage.MemoryUsage',
 'scrapy.extensions.logstats.LogStats',
 'scrapy.extensions.throttle.AutoThrottle']
2018-10-04 18:35:19 [scrapy.middleware] INFO: Enabled downloader middlewares:
['scrapy.downloadermiddlewares.httpauth.HttpAuthMiddleware',
 'scrapy.downloadermiddlewares.downloadtimeout.DownloadTimeoutMiddleware',
 'scrapy.downloadermiddlewares.defaultheaders.DefaultHeadersMiddleware',
 'ArticleSpider.middlewares.rotate_user_agent.RandomUserAgentMiddleware',
 'scrapy.downloadermiddlewares.useragent.UserAgentMiddleware',
 'scrapy.downloadermiddlewares.retry.RetryMiddleware',
 'scrapy.downloadermiddlewares.redirect.MetaRefreshMiddleware',
 'scrapy.downloadermiddlewares.httpcompression.HttpCompressionMiddleware',
 'scrapy.downloadermiddlewares.redirect.RedirectMiddleware',
 'scrapy.downloadermiddlewares.cookies.CookiesMiddleware',
 'scrapy.downloadermiddlewares.httpproxy.HttpProxyMiddleware',
 'scrapy.downloadermiddlewares.stats.DownloaderStats']
2018-10-04 18:35:19 [scrapy.middleware] INFO: Enabled spider middlewares:
['scrapy.spidermiddlewares.httperror.HttpErrorMiddleware',
 'scrapy.spidermiddlewares.offsite.OffsiteMiddleware',
 'scrapy.spidermiddlewares.referer.RefererMiddleware',
 'scrapy.spidermiddlewares.urllength.UrlLengthMiddleware',
 'scrapy.spidermiddlewares.depth.DepthMiddleware']
2018-10-04 18:35:19 [scrapy.middleware] INFO: Enabled item pipelines:
['ArticleSpider.pipelines.ElasticSearchPipeline']
2018-10-04 18:35:19 [scrapy.core.engine] INFO: Spider opened
2018-10-04 18:35:19 [scrapy.extensions.logstats] INFO: Crawled 0 pages (at 0 pages/min), scraped 0 items (at 0 items/min)
2018-10-04 18:35:19 [scrapy.extensions.telnet] DEBUG: Telnet console listening on 127.0.0.1:6024
2018-10-04 18:35:22 [scrapy.extensions.throttle] INFO: slot: www.zhihu.com | conc: 1 | delay: 3753 ms (-1246) | latency: 2506 ms | size:  9151 bytes
2018-10-04 18:35:22 [scrapy.core.engine] DEBUG: Crawled (200) <GET https://www.zhihu.com/signup> (referer: https://www.zhihu.com/)
2018-10-04 18:35:22 [urllib3.connectionpool] DEBUG: Starting new HTTPS connection (1): www.zhihu.com:443
2018-10-04 18:35:23 [urllib3.connectionpool] DEBUG: https://www.zhihu.com:443 "GET /signup HTTP/1.1" 302 73
2018-10-04 18:35:23 [scrapy.core.scraper] ERROR: Spider error processing <GET https://www.zhihu.com/signup> (referer: https://www.zhihu.com/)
Traceback (most recent call last):
  File "/usr/local/python-3.6.2/envs/scrapytest/lib/python3.6/site-packages/scrapy/utils/defer.py", line 102, in iter_errback
    yield next(it)
  File "/usr/local/python-3.6.2/envs/scrapytest/lib/python3.6/site-packages/scrapy/spidermiddlewares/offsite.py", line 30, in process_spider_output
    for x in result:
  File "/usr/local/python-3.6.2/envs/scrapytest/lib/python3.6/site-packages/scrapy/spidermiddlewares/referer.py", line 339, in <genexpr>
    return (_set_referer(r) for r in result or ())
  File "/usr/local/python-3.6.2/envs/scrapytest/lib/python3.6/site-packages/scrapy/spidermiddlewares/urllength.py", line 37, in <genexpr>
    return (r for r in result or () if _filter(r))
  File "/usr/local/python-3.6.2/envs/scrapytest/lib/python3.6/site-packages/scrapy/spidermiddlewares/depth.py", line 58, in <genexpr>
    return (r for r in result or () if _filter(r))
  File "/usr/local/scrapy/l0x8df_new/ArticleSpider/spiders/zhihu.py", line 149, in login
    if self.check_login(response):
  File "/usr/local/scrapy/l0x8df_new/ArticleSpider/spiders/zhihu.py", line 201, in check_login
    print('登录成功')
UnicodeEncodeError: 'ascii' codec can't encode characters in position 0-3: ordinal not in range(128)
2018-10-04 18:35:23 [scrapy.core.engine] INFO: Closing spider (finished)
2018-10-04 18:35:23 [scrapy.statscollectors] INFO: Dumping Scrapy stats:
{'downloader/request_bytes': 371,
 'downloader/request_count': 1,
 'downloader/request_method_count/GET': 1,
 'downloader/response_bytes': 10512,
 'downloader/response_count': 1,
 'downloader/response_status_count/200': 1,
 'finish_reason': 'finished',
 'finish_time': datetime.datetime(2018, 10, 4, 10, 35, 23, 447884),
 'log_count/DEBUG': 4,
 'log_count/ERROR': 1,
 'log_count/INFO': 8,
 'memusage/max': 83472384,
 'memusage/startup': 83472384,
 'response_received_count': 1,
 'scheduler/dequeued': 1,
 'scheduler/dequeued/memory': 1,
 'scheduler/enqueued': 1,
 'scheduler/enqueued/memory': 1,
 'spider_exceptions/UnicodeEncodeError': 1,
 'start_time': datetime.datetime(2018, 10, 4, 10, 35, 19, 989126)}
2018-10-04 18:35:23 [scrapy.core.engine] INFO: Spider closed (finished)
